100,7.034257507324218
200,6.743683624267578
300,6.913524627685547
400,4.746691385904948
500,5.898908403184679
600,5.933167521158854
700,4.6577534675598145
800,6.847347895304362
900,4.882160186767578
1000,5.973648918999566
1100,6.037928581237793
1200,6.554510498046875
1300,6.4128098487854
1400,4.846339225769043
1500,6.041621208190918
1600,5.189655303955078
1700,5.866806666056315
1800,6.062447981400923
1900,5.835177612304688
2000,5.862682342529297
2100,6.973979949951172
2200,5.071109771728516
2300,6.068026406424386
2400,5.2205047607421875
2500,5.319667053222656
2600,4.9542289733886715
2700,6.331079656427557
2800,5.398846817016602
2900,4.561887468610491
3000,6.826765060424805
3100,6.184452533721924
3200,4.601855141775949
3300,5.167939322335379
3400,5.193474451700847
3500,5.3549964904785154
3600,5.67894787258572
3700,6.197733561197917
3800,6.069133758544922
3900,5.66746575491769
4000,5.851642608642578
4100,5.85338249206543
4200,5.189222812652588
4300,5.280947494506836
4400,7.909989833831787
4500,6.089595794677734
4600,5.252813720703125
4700,5.033116817474365
4800,6.1339007786342075
4900,4.977997916085379
5000,6.788991928100586
5100,6.489699840545654
5200,4.229837417602539
5300,6.689413452148438
5400,6.370091332329644
5500,4.760395050048828
5600,5.960373560587565
5700,5.07083740234375
5800,5.4838714599609375
5900,6.969681209988064
6000,5.258623758951823
6100,5.376782735188802
6200,8.813057899475098
6300,4.550480312771267
6400,6.438800464976918
6500,4.464526857648577
6600,5.242204666137695
6700,5.83398666381836
6800,5.4549986521403
6900,5.430201530456543
7000,5.3730896843804254
7100,4.633908408028739
7200,6.945676803588867
7300,5.8229175143771705
7400,6.01710216815655
7500,7.466424560546875
7600,5.712178802490234
7700,6.383518565784801
7800,9.699055989583334
7900,4.5638724735804965
8000,5.980839252471924
8100,6.434902736118862
8200,5.011005946568081
8300,4.100203650338309
8400,7.347711002125459
8500,6.297360420227051
8600,6.1251373291015625
8700,3.188573201497396
8800,4.326551914215088
8900,5.673365159468218
9000,5.00887451171875
9100,5.666818098588423
9200,5.98307314786044
9300,5.09887924194336
9400,5.24480710710798
9500,6.2584975106375555
9600,4.564962599012587
9700,5.022946834564209
9800,6.381751320578835
9900,5.399621229905349
10000,5.972605228424072
10100,5.218310546875
10200,5.428573989868164
10300,5.613715035574777
10400,3.4746278127034507
10500,6.1038462320963545
10600,5.013323465983073
10700,3.5893325805664062
10800,5.374653498331706
10900,4.204933802286784
11000,4.936297946506077
11100,5.232519626617432
11200,6.001511840820313
11300,5.933071613311768
11400,4.04558785756429
11500,5.478727340698242
11600,5.477536519368489
11700,5.483178456624349
11800,5.820566350763494
11900,5.764494705200195
12000,5.089958826700847
12100,5.738113880157471
12200,4.548538684844971
12300,4.456855501447405
12400,4.721726608276367
12500,4.425605010986328
12600,4.36608772277832
12700,6.105562383478338
12800,5.089564514160156
12900,4.2313414982387
13000,4.785788536071777
13100,5.640463829040527
13200,3.9369850158691406
13300,4.8543701171875
13400,4.67849063873291
13500,4.83128662109375
13600,6.044297112358941
13700,5.387533823649089
13800,5.672107060750325
13900,4.954334259033203
14000,4.888218470982143
14100,5.795229721069336
14200,4.628354072570801
14300,5.019757843017578
14400,6.615581035614014
14500,6.003020286560059
14600,3.872353363037109
14700,4.6612138748168945
14800,5.910455976213727
14900,4.5851560320172995
15000,5.826663494110107
15100,6.199081897735596
15200,3.830930233001709
15300,6.165591812133789
15400,6.042163848876953
15500,4.265008449554443
15600,5.671791076660156
15700,4.9037322998046875
15800,5.003427886962891
15900,6.6634805467393665
16000,5.05731201171875
16100,5.107547442118327
16200,7.758507251739502
16300,4.369505564371745
16400,5.617799238725142
16500,4.108629771641323
16600,4.938383483886719
16700,5.598218536376953
16800,5.401563008626302
16900,4.927178382873535
17000,5.3535715738932295
17100,4.220347813197544
17200,6.397218704223633
17300,5.2744322882758246
17400,5.711981553297776
17500,6.965111541748047
17600,5.519003295898438
17700,5.77770302512429
17800,7.228816986083984
17900,3.8942127227783203
18000,5.534965991973877
18100,5.59620612008231
18200,4.142139434814453
18300,3.94479124886649
18400,7.41426804486443
18500,5.876800060272217
18600,5.461978276570638
18700,2.7616869608561196
18800,4.047537803649902
18900,5.180688337846235
19000,4.913959503173828
19100,5.597336162220348
19200,5.573640649968928
19300,4.077118301391602
19400,4.9883286612374445
19500,5.7850848606654575
19600,4.013479444715712
19700,4.876277446746826
19800,6.017236189408735
19900,5.271922184870793
20000,5.539065837860107
20100,4.600607681274414
20200,4.784729385375977
20300,5.62195314679827
20400,3.0800278981526694
20500,5.349041408962673
20600,4.849434916178385
20700,3.2781741619110107
20800,5.250075658162435
20900,3.7712011337280273
21000,4.399581485324436
21100,5.048268795013428
21200,6.696005249023438
21300,5.674114227294922
21400,4.4964141845703125
21500,5.111595153808594
21600,5.849772135416667
21700,5.316214879353841
21800,5.623569488525391
21900,5.26031608581543
22000,4.4953358968098955
22100,5.576320171356201
22200,4.903142929077148
22300,3.8318961007254466
22400,4.2926593780517575
22500,3.5150047302246095
22600,3.6312835693359373
22700,5.625015605579723
22800,4.831482696533203
22900,4.227784837995257
23000,4.404582977294922
23100,4.836452484130859
23200,3.8904636928013394
23300,4.411474772862026
23400,4.471320470174153
23500,4.5994407653808596
23600,5.932094997829861
23700,5.027387407090929
23800,5.552788416544597
23900,4.764074053083148
24000,4.421271187918527
24100,5.674861907958984
24200,4.417144298553467
24300,4.793193817138672
24400,5.21815299987793
24500,5.803131103515625
24600,3.113286590576172
24700,4.304450035095215
24800,5.7727557591029575
24900,4.665453229631696
25000,4.48137092590332
25100,6.0390448570251465
25200,3.777439832687378
25300,5.441667175292968
25400,5.691493564181858
25500,4.4171857833862305
25600,5.682382583618164
25700,4.869952011108398
25800,4.847703552246093
25900,6.209963904486762
26000,5.296269310845269
26100,4.927714029947917
26200,7.0011820793151855
26300,3.822720421685113
26400,5.281578063964844
26500,4.084387098039899
26600,4.956121826171875
26700,5.708049011230469
26800,5.213121732076009
26900,4.511829376220703
27000,5.019769880506727
27100,4.732534681047712
27200,6.018709182739258
27300,5.120146009657118
27400,5.38856212909405
27500,6.4996696472167965
27600,5.065667724609375
27700,5.671696056019176
27800,6.769360860188802
27900,3.4268510001046315
28000,5.343578338623047
28100,5.086295536586216
28200,3.9440383911132812
28300,3.8795670100620816
28400,6.508386948529412
28500,5.530516624450684
28600,5.471060434977214
28700,2.54433536529541
28800,3.497483253479004
28900,4.9629832181063565
29000,4.668734741210938
29100,5.1884238503196025
29200,5.5699990012428975
29300,3.9736610412597657
29400,4.59564699445452
29500,5.579061780657087
29600,3.5760260687934027
29700,4.20896053314209
29800,5.561169364235618
29900,5.475828317495493
30000,5.129798412322998
30100,4.117086791992188
30200,4.2907859802246096
30300,5.246850694928851
30400,2.8857294718424478
30500,4.81057866414388
30600,4.708025105794271
30700,3.1224069595336914
30800,4.304040273030599
30900,3.530183792114258
31000,4.089508904351129
31100,4.398283004760742
31200,6.497988891601563
31300,5.501966953277588
31400,4.70094362894694
31500,4.758889198303223
31600,4.737487157185872
31700,5.319097836812337
31800,5.679655595259233
31900,5.2647651672363285
32000,4.399162610371907
32100,5.340412139892578
32200,4.822911262512207
32300,3.363174710954939
32400,4.174959182739258
32500,3.017598342895508
32600,3.350325012207031
32700,5.35375941883434
32800,4.609573745727539
32900,4.055442265101841
33000,4.363178730010986
33100,4.974515438079834
33200,3.648363930838449
33300,4.263637542724609
33400,4.0627444585164385
33500,4.30949592590332
33600,6.09275139702691
33700,4.728523254394531
33800,5.250857353210449
33900,4.020419529506138
34000,4.031248365129743
34100,5.363431167602539
34200,4.438404560089111
34300,4.673000717163086
34400,4.207098007202148
34500,5.612618446350098
34600,2.7220645904541017
34700,4.388456344604492
34800,5.681205749511719
34900,4.552819933210101
35000,5.550475120544434
35100,6.071498870849609
35200,3.5391886234283447
35300,5.3365131378173825
35400,5.120204925537109
35500,4.307245254516602
35600,5.433286031087239
35700,5.083892059326172
35800,4.932029724121094
35900,5.681897905137804
36000,4.945600297715929
36100,4.630905469258626
36200,6.7499518394470215
36300,3.775110032823351
36400,5.185997702858665
36500,3.9926744188581194
36600,4.472754669189453
36700,6.024337387084961
36800,5.061746279398601
36900,4.2903571128845215
37000,5.292138841417101
37100,4.202546528407505
37200,5.813918431599935
37300,4.732458326551649
37400,5.117250295785757
37500,6.053007125854492
37600,5.051680374145508
37700,5.524752876975319
37800,7.250399271647136
37900,3.5303115844726562
38000,5.720743179321289
38100,4.720857892717634
38200,3.8178394862583707
38300,3.788661139351981
38400,6.274312636431525
38500,5.692241668701172
38600,4.512323379516602
38700,2.3193642298380532
38800,3.150829315185547
38900,4.611113114790483
39000,4.710500335693359
39100,4.9069647355513135
39200,4.87648530439897
39300,3.6262439727783202
39400,3.8098967415945872
39500,5.289463588169643
39600,3.2583406236436634
39700,4.54695987701416
39800,5.687617908824574
39900,5.033221318171575
40000,5.310394287109375
40100,3.6558727264404296
40200,4.299576950073242
40300,5.05793707711356
40400,2.6525829633076987
40500,3.9705212910970054
40600,4.578719075520834
40700,3.173366069793701
40800,4.369261741638184
40900,3.2883227666219077
41000,3.5461037953694663
41100,3.8943350315093994
41200,6.428035888671875
41300,5.106466770172119
41400,4.0777788162231445
41500,4.720605373382568
41600,4.8772627512613935
41700,4.949173291524251
41800,5.426342704079368
41900,5.14818000793457
42000,4.174400329589844
42100,5.083102703094482
42200,3.6639764308929443
42300,3.1050643920898438
42400,3.9750225067138674
42500,2.2322689056396485
42600,3.122528076171875
42700,5.302452087402344
42800,4.689022827148437
42900,3.417261941092355
43000,3.797774314880371
43100,4.742566108703613
43200,3.4256929670061385
43300,3.7602639879499162
43400,3.9433135986328125
43500,4.067464828491211
43600,6.527086046006945
43700,4.829150729709202
43800,5.067151387532552
43900,3.1367999485560825
44000,4.059459686279297
44100,5.121395492553711
44200,4.260105133056641
44300,4.876513671875
44400,4.578269004821777
44500,5.425213813781738
44600,1.8072948455810547
44700,4.103725433349609
44800,5.481644766671317
44900,4.450356347220285
45000,3.9461138248443604
45100,6.026938438415527
45200,3.2762157917022705
45300,5.296827697753907
45400,4.73134528266059
45500,4.212235450744629
45600,5.037732124328613
45700,4.845567321777343
45800,4.840369033813476
45900,5.111449771457249
46000,4.7410083346896705
46100,3.9152774810791016
46200,6.752508640289307
46300,3.5699835883246527
46400,5.093994834206321
46500,4.011731011526925
46600,4.497716903686523
46700,5.922780609130859
46800,4.942020098368327
46900,3.806636333465576
47000,5.1682891845703125
47100,3.7877608707972934
47200,5.510254542032878
47300,4.569250742594401
47400,4.943126971905048
47500,5.661749649047851
47600,5.219264221191406
47700,5.081002322110263
47800,4.874698638916016
47900,3.290947505405971
48000,5.224815368652344
48100,4.240589414324079
48200,3.355776378086635
48300,3.715001787458147
48400,6.516359665814568
48500,5.754121780395508
48600,4.540913263956706
48700,1.848549524943034
48800,2.7020821571350098
48900,4.213869961825284
49000,4.6359130859375
49100,4.71468769420277
49200,4.659237601540306
49300,3.3057701110839846
49400,3.059485299246652
49500,4.477564675467355
49600,2.895643022325304
49700,4.474605083465576
49800,5.773076490922407
49900,5.080691410945012
50000,5.136466026306152
50100,3.0449270248413085
50200,4.17252197265625
50300,4.676483154296875
50400,2.7741912206014
50500,3.5952334933810763
50600,4.433380126953125
50700,2.862598419189453
50800,3.896677017211914
50900,3.0772568384806314
51000,3.0587406158447266
51100,3.7027266025543213
51200,6.437474975585937
51300,4.653180122375488
51400,3.7178872426350913
51500,4.575833320617676
51600,5.014244715372722
51700,4.683316230773926
51800,5.585498809814453
51900,5.057876968383789
52000,3.987651507059733
52100,4.775089740753174
52200,3.268728256225586
52300,3.171894073486328
52400,3.5247566223144533
52500,2.4791345596313477
52600,3.039607620239258
52700,4.880931160666726
52800,4.883476638793946
52900,3.231431143624442
53000,4.120604038238525
53100,4.4759392738342285
53200,3.4094020298549106
53300,4.0017209734235495
53400,3.892880439758301
53500,3.8065967559814453
53600,5.9476733737521705
53700,4.801077948676215
53800,5.260875066121419
53900,3.350477491106306
54000,3.901998519897461
54100,5.022127151489258
54200,4.027518272399902
54300,4.443572998046875
54400,5.399609088897705
54500,4.750598907470703
54600,1.9572223663330077
54700,3.455796718597412
54800,5.383679526192801
54900,3.8648477281842912
55000,2.503791332244873
55100,6.051047325134277
55200,3.1831018924713135
55300,5.103227996826172
55400,5.099769168429905
55500,3.889613151550293
55600,4.744142532348633
55700,4.778761672973633
55800,4.735948181152343
55900,4.919916364881727
56000,4.529104444715712
56100,3.7373390197753906
56200,6.043115139007568
56300,3.3967244890001087
56400,4.92645957253196
56500,3.6722989763532365
56600,4.497735595703125
56700,5.752402877807617
56800,4.9950510660807295
56900,3.902066230773926
57000,4.631640116373698
57100,3.6444424220493863
57200,5.631663004557292
57300,4.494920094807942
57400,4.940976069523738
57500,5.727315521240234
57600,5.406556701660156
57700,4.651137612082741
57800,5.246542612711589
57900,3.099806376865932
58000,5.4337897300720215
58100,4.0978290012904575
58200,3.550218037196568
58300,3.4370144435337613
58400,6.281252692727482
58500,4.8800811767578125
58600,3.940480868021647
58700,2.136627674102783
58800,2.2303106784820557
58900,4.007667888294566
59000,4.516204833984375
59100,4.403722242875532
59200,4.59002720225941
59300,2.960699462890625
59400,3.476982661655971
59500,3.892717088971819
59600,2.914987987942166
59700,4.1767120361328125
59800,5.589139764959162
59900,4.656348595252404
60000,4.745774269104004
60100,3.0817659378051756
60200,3.560954284667969
60300,4.342375074114118
60400,2.2056830724080405
60500,3.1316841973198786
60600,4.246168772379558
60700,3.572502851486206
60800,3.6571022669474282
60900,3.132949193318685
61000,2.922694312201606
61100,3.726227045059204
61200,6.110017700195312
61300,4.723498821258545
61400,3.407221476236979
61500,4.506762504577637
61600,4.9721253712972
61700,4.317940394083659
61800,5.657157897949219
61900,4.545586776733399
62000,3.9540834426879883
62100,4.70057487487793
62200,3.1451358795166016
62300,3.1527786254882812
62400,3.456110382080078
62500,2.3900867462158204
62600,3.106682014465332
62700,4.613446322354403
62800,4.712429428100586
62900,3.254695347377232
63000,3.4763906002044678
63100,4.157383918762207
63200,3.3337279728480746
63300,3.5321739741734097
63400,3.552231788635254
63500,3.6299877166748047
63600,5.87706544664171
63700,4.670816633436415
63800,5.310322125752767
63900,3.5274170466831754
64000,3.237098148890904
64100,4.5781299591064455
64200,4.145742416381836
64300,4.31822624206543
64400,3.1564836502075195
64500,4.6134033203125
64600,2.0790790557861327
64700,3.9395570755004883
64800,5.212207794189453
64900,3.578445162091936
65000,2.5088093280792236
65100,5.837446212768555
65200,3.17366099357605
65300,4.754702758789063
65400,5.132854461669922
65500,4.398431777954102
65600,4.824670473734538
65700,4.998904037475586
65800,4.651949691772461
65900,5.0640106201171875
66000,4.3908945719401045
66100,3.60391902923584
66200,6.2384209632873535
66300,3.0401556226942272
66400,4.634234341708097
66500,3.3588578360421315
66600,4.205192184448242
66700,5.648518753051758
66800,4.897427558898926
66900,3.7335143089294434
67000,4.514097849527995
67100,3.6647862025669644
67200,5.537644704182942
67300,3.8919245402018228
67400,4.856962350698618
67500,5.27117805480957
67600,5.126653671264648
67700,4.463504444469105
67800,4.903961181640625
67900,2.5279979705810547
68000,4.859888553619385
68100,4.424937656947544
68200,3.097490038190569
68300,2.5938491821289062
68400,5.8898153866038605
68500,5.781987190246582
68600,4.511325200398763
68700,1.8139551480611165
68800,2.434860944747925
68900,3.843603654341264
69000,4.530979919433594
69100,4.785201332785866
69200,3.648786024613814
69300,3.0041225433349608
69400,2.795130593436105
69500,4.332046236310687
69600,2.439935472276476
69700,3.7345099449157715
69800,5.338018243963068
69900,4.645474947415865
70000,3.8884265422821045
70100,3.2692237854003907
70200,3.385142517089844
70300,4.9318084716796875
70400,1.9520052274068196
70500,3.290988286336263
70600,4.052712758382161
70700,2.90433931350708
70800,3.6894969940185547
70900,2.866451899210612
71000,2.6010479397243924
71100,3.7270755767822266
71200,6.136196899414062
71300,4.492030143737793
71400,3.5800094604492188
71500,4.289819717407227
71600,3.770862579345703
71700,4.467260996500651
71800,5.21598295731978
71900,4.407997131347656
72000,3.5011558532714844
72100,4.429836273193359
72200,3.077507734298706
72300,2.4791243416922435
72400,3.2551254272460937
72500,1.9690744400024414
72600,3.07958984375
72700,4.781159834428267
72800,4.0618141174316404
72900,2.795966829572405
73000,3.8691329956054688
73100,3.9437546730041504
73200,2.994427272251674
73300,3.2852701459612166
73400,3.5655740102132163
73500,3.7750072479248047
73600,5.590250227186415
73700,4.090979682074653
73800,4.9997132619222
73900,2.8691910334995816
74000,3.14444705418178
74100,4.475066375732422
74200,3.5778748989105225
74300,4.41231689453125
74400,2.1840977668762207
74500,3.9937405586242676
74600,2.3442880630493166
74700,3.2164969444274902
74800,5.138101850237165
74900,4.307847159249442
75000,1.9443072080612183
75100,5.572281837463379
75200,2.8782520294189453
75300,5.1441497802734375
75400,4.378381093343099
75500,3.6203739643096924
75600,4.850031852722168
75700,4.938438796997071
75800,4.545988845825195
75900,4.482460021972656
76000,4.229333665635851
76100,3.0411389668782554
76200,6.284847736358643
76300,2.7656341128879123
76400,4.404264276677912
76500,3.017186301095145
76600,4.338282775878906
76700,5.667766571044922
76800,4.42427126566569
76900,3.6028871536254883
77000,4.126661512586805
77100,3.170985903058733
77200,5.984991073608398
77300,3.721452924940321
77400,4.9160930926983175
77500,4.65343017578125
77600,5.120220565795899
77700,4.5747552351518115
77800,4.536529541015625
77900,2.438856669834682
78000,5.222458839416504
78100,3.831963130405971
78200,2.8421925136021207
78300,2.345334461757115
78400,5.43315663057215
78500,5.160637378692627
78600,3.354929288228353
78700,2.0093615849812827
78800,2.08099102973938
78900,3.5100940357555044
79000,4.4409950256347654
79100,4.779816020618785
79200,3.491580616344105
79300,2.5767562866210936
79400,2.816661834716797
79500,4.305887494768415
79600,2.4034156799316406
79700,3.6123673915863037
79800,5.0647877779873935
79900,5.172096839317908
80000,4.085801601409912
80100,1.9684562683105469
80200,3.6433692932128907
80300,4.169828142438616
80400,2.8987646102905273
80500,4.2710071139865455
80600,3.8033721923828123
80700,2.4465088844299316
80800,4.027070999145508
80900,2.675328572591146
81000,2.712562772962782
81100,3.711824893951416
81200,6.208881225585937
81300,4.194777488708496
81400,3.3074331283569336
81500,4.55189847946167
81600,3.7973289489746094
81700,4.556047757466634
81800,4.909639878706499
81900,4.068421936035156
82000,3.2371180852254233
82100,4.563323020935059
82200,4.01777982711792
82300,2.325826644897461
82400,3.049881935119629
82500,2.1218833923339844
82600,3.0109472274780273
82700,4.12059887972745
82800,4.179364013671875
82900,2.9864706311907088
83000,2.88879132270813
83100,3.9225282669067383
83200,3.0767953055245534
83300,3.7738900865827287
83400,3.903754552205404
83500,3.576795196533203
83600,5.013511657714844
83700,3.8941752115885415
83800,5.1855818430582685
83900,3.1990438188825334
84000,4.159266880580357
84100,4.243685531616211
84200,4.019725322723389
84300,4.362848281860352
84400,1.548282504081726
84500,4.028176784515381
84600,1.505134105682373
84700,2.9368069171905518
84800,5.105939047677176
84900,3.517444610595703
85000,2.4645049571990967
85100,5.247805595397949
85200,2.954042434692383
85300,5.040985107421875
85400,4.334302266438802
85500,3.2644472122192383
85600,4.752007484436035
85700,4.8777008056640625
85800,4.364835357666015
85900,5.467746734619141
86000,4.693736182318793
86100,2.426908334096273
86200,6.07879638671875
86300,2.9820859697129993
86400,4.79664438421076
86500,2.9195823669433594
86600,4.536591720581055
86700,5.660275268554687
86800,4.6520945231119795
86900,3.82572865486145
87000,4.0595143636067705
87100,2.4676709856305803
87200,5.59672482808431
87300,4.034998151991102
87400,4.775210160475511
87500,4.412483215332031
87600,4.9111167907714846
87700,4.259642861106179
87800,3.3520113627115884
87900,2.6024442400251115
88000,4.048168659210205
88100,4.148017338344029
88200,3.2794085911342075
88300,2.174273354666574
88400,5.535302554859834
88500,4.527299880981445
88600,3.307315190633138
88700,2.4831651051839194
88800,1.950429081916809
88900,3.7461970936168325
89000,4.421273803710937
89100,4.49997295032848
89200,3.3650120821866123
89300,3.6031951904296875
89400,2.0735841478620256
89500,3.682480948311942
89600,2.2353977627224393
89700,3.267277240753174
89800,4.6041131453080615
89900,4.660914201002854
90000,4.138216972351074
90100,1.4877104759216309
90200,3.7507656097412108
90300,3.8462987627301897
90400,1.6978289286295574
90500,3.019463221232096
90600,3.813563283284505
90700,2.4162168502807617
90800,2.942417780558268
90900,2.6981029510498047
91000,2.6155115763346353
91100,3.4607858657836914
91200,5.977450561523438
91300,3.9227449893951416
91400,2.622102419535319
91500,4.621880054473877
91600,4.155452728271484
91700,4.680742263793945
91800,5.334278453480113
91900,3.997774124145508
92000,3.3898725509643555
92100,4.2423272132873535
92200,3.3362793922424316
92300,2.3281544276646207
92400,2.893851470947266
92500,2.1673152923583983
92600,2.9905349731445314
92700,4.069223577325994
92800,3.9660049438476563
92900,2.800489970615932
93000,2.137791156768799
93100,3.7023239135742188
93200,3.231255667550223
93300,2.6864869253976003
93400,3.395404815673828
93500,3.8259918212890627
93600,4.8477978176540795
93700,3.9188308715820312
93800,4.923648516337077
93900,2.9430244990757535
94000,3.241184507097517
94100,3.876874542236328
94200,3.4004135131835938
94300,4.015992736816406
94400,1.6180925369262695
94500,3.505574941635132
94600,1.6929689407348634
94700,2.835294246673584
94800,5.099669320242746
94900,3.141589573451451
95000,2.4078304767608643
95100,5.542136192321777
95200,3.0742990970611572
95300,4.732074737548828
95400,4.417366451687283
95500,4.95065975189209
95600,4.528259913126628
95700,4.290846252441407
95800,3.9884910583496094
95900,4.103364732530382
96000,3.6020613776312933
96100,2.4149155616760254
96200,6.5746965408325195
96300,2.355648888481988
96400,3.772733514959162
96500,2.797259739467076
96600,4.23383674621582
96700,5.102200317382812
96800,4.706551869710286
96900,3.5424082279205322
97000,4.430454254150391
97100,3.329574312482561
97200,5.348314921061198
97300,4.094615936279297
97400,4.9608917236328125
97500,4.516733169555664
97600,4.3318023681640625
97700,3.4569514881480825
97800,3.6705322265625
97900,2.7902300698416576
98000,4.7358784675598145
98100,3.469482421875
98200,2.5118991306849887
98300,2.129837308611189
98400,5.806217417997472
98500,3.6633920669555664
98600,3.4145723978678384
98700,1.4604093233744304
98800,1.5392334461212158
98900,3.6247617548162285
99000,4.1244140625
99100,4.541064175692472
99200,3.8902563615278765
99300,2.8706920623779295
99400,2.4203905378069197
99500,3.401733943394252
99600,2.032080332438151
99700,3.0973331928253174
99800,4.881077506325462
99900,5.040441072904146
100000,3.590414047241211
