100,6.854586791992188
200,6.803040313720703
300,6.888540540422712
400,4.3556474049886065
500,5.814907497829861
600,5.762155151367187
700,4.5969743728637695
800,6.688528060913086
900,5.437102635701497
1000,5.751953972710504
1100,5.920945644378662
1200,6.413854370117187
1300,6.355653762817383
1400,5.138439496358235
1500,6.082442283630371
1600,5.442186991373698
1700,5.646511077880859
1800,5.806303197687322
1900,6.144299697875977
2000,5.88705317179362
2100,6.758624076843262
2200,4.8121724128723145
2300,5.74713134765625
2400,5.341400909423828
2500,5.2294666290283205
2600,4.749503707885742
2700,6.323618802157315
2800,5.262696075439453
2900,4.4914368220738
3000,6.453827381134033
3100,6.296060562133789
3200,4.598343985421317
3300,5.243257250104632
3400,5.548456192016602
3500,5.848707580566407
3600,5.845122867160374
3700,6.204114278157552
3800,5.948184331258138
3900,5.429322378976004
4000,6.025506700788226
4100,6.524040222167969
4200,5.290552139282227
4300,5.123030471801758
4400,8.207980155944824
4500,6.016103267669678
4600,4.8000530242919925
4700,4.634774208068848
4800,5.802189418247768
4900,4.900926862444196
5000,7.0601701736450195
5100,6.1314263343811035
5200,4.405242443084717
5300,6.572858428955078
5400,6.43679936726888
5500,4.784255027770996
5600,6.074587504069011
5700,5.3180194854736325
5800,5.598482131958008
5900,6.6481213039822045
6000,5.142396291097005
6100,5.2637888590494795
6200,8.765401840209961
6300,4.308746761745876
6400,6.838181929154829
6500,4.742336818150112
6600,5.278308486938476
6700,6.174481582641602
6800,5.359118779500325
6900,5.377106189727783
7000,5.50523927476671
7100,5.0911745343889505
7200,7.041859308878581
7300,6.52065192328559
7400,5.942329406738281
7500,7.738976287841797
7600,5.6917236328125
7700,6.459334633567116
7800,9.385783513387045
7900,4.243667875017438
8000,6.099635601043701
8100,6.379787990025112
8200,4.968804495675223
8300,4.238265173775809
8400,6.738580591538373
8500,5.975202560424805
8600,5.998908360799153
8700,3.5241518020629883
8800,4.110628128051758
8900,5.549502632834694
9000,4.7584373474121096
9100,5.374416004527699
9200,5.9169699928977275
9300,4.838931274414063
9400,4.506702423095703
9500,6.400016784667969
9600,4.242260403103298
9700,5.293233394622803
9800,6.459888111461293
9900,6.26934579702524
10000,6.574140548706055
10100,5.273965454101562
10200,5.675744247436524
10300,5.558785574776786
10400,3.4225387573242188
10500,5.228279113769531
10600,5.191907755533854
10700,3.6936588287353516
10800,6.0532277425130205
10900,4.00409730275472
11000,6.423821343315972
11100,5.118112087249756
11200,6.3958673095703125
11300,5.902457237243652
11400,4.504832585652669
11500,5.535525798797607
11600,5.010865529378255
11700,5.10482660929362
11800,5.499777013605291
11900,6.251317977905273
12000,4.974284489949544
12100,5.567142486572266
12200,4.1793212890625
12300,4.198944364275251
12400,5.004311370849609
12500,4.2872062683105465
12600,4.093690872192383
12700,6.495457042347301
12800,4.990594482421875
12900,4.113653727940151
13000,5.13538122177124
13100,6.134857177734375
13200,3.8698368072509766
13300,4.813892909458706
13400,5.007108688354492
13500,4.777304840087891
13600,5.713994767930773
13700,5.242763095431858
13800,5.884555816650391
13900,4.178439004080636
14000,5.175359453473773
14100,5.683852005004883
14200,4.517629623413086
14300,5.047739791870117
14400,5.541667938232422
14500,6.089648246765137
14600,3.6578903198242188
14700,4.885695457458496
14800,6.3208819798060825
14900,4.388886043003628
15000,6.732768535614014
15100,5.992630481719971
15200,3.794482707977295
15300,6.136138534545898
15400,5.835111829969618
15500,4.411830902099609
15600,5.717770894368489
15700,5.199760437011719
15800,5.272529220581054
15900,5.903400421142578
16000,5.389667087131077
16100,4.742806116739909
16200,7.132546424865723
16300,4.397961086697048
16400,5.622597781094638
16500,4.270119803292411
16600,5.125202941894531
16700,5.217897033691406
16800,5.191053072611491
16900,4.156857967376709
17000,5.617217593722874
17100,4.523976189749582
17200,6.795451482137044
17300,5.981795416937934
17400,5.743267352764423
17500,6.637271881103516
17600,5.372701263427734
17700,5.642354791814631
17800,8.303532282511393
17900,3.8779029846191406
18000,5.717733383178711
18100,5.363699231828962
18200,4.431219373430524
18300,3.6076447623116628
18400,7.024037080652573
18500,5.3589935302734375
18600,5.4356339772542315
18700,2.7021471659342446
18800,3.800184965133667
18900,5.184666026722301
19000,4.757008361816406
19100,5.458581404252485
19200,5.504751378839666
19300,4.522690963745117
19400,3.9450176783970425
19500,6.026251111711774
19600,3.8639339870876737
19700,4.453092575073242
19800,5.796229622580788
19900,5.41610600398137
20000,5.953662872314453
20100,4.848577499389648
20200,5.071061706542968
20300,5.72560065133231
20400,3.1230249404907227
20500,4.732334560818142
20600,4.9613800048828125
20700,3.2337300777435303
20800,5.166103045145671
20900,3.6710707346598306
21000,4.423024495442708
21100,4.699196815490723
21200,6.483804931640625
21300,5.359319686889648
21400,4.209466298421224
21500,5.205996990203857
21600,4.64259656270345
21700,5.099264462788899
21800,5.234755082563921
21900,6.201636123657226
22000,4.936996777852376
22100,4.836150169372559
22200,3.788623809814453
22300,3.8138133457728793
22400,4.6351783752441404
22500,4.585599517822265
22600,3.959089660644531
22700,5.755001068115234
22800,4.873001480102539
22900,4.009654726300921
23000,4.817920684814453
23100,5.933833122253418
23200,3.6794422694614957
23300,4.069465637207031
23400,4.918846448262532
23500,4.56591567993164
23600,5.965527004665798
23700,4.937724219428168
23800,5.50538444519043
23900,3.769268308367048
24000,4.837785993303571
24100,5.514472961425781
24200,4.032449245452881
24300,5.197967910766602
24400,4.704944610595703
24500,5.42470645904541
24600,3.449591064453125
24700,4.690505027770996
24800,6.077412196568081
24900,5.0325775146484375
25000,5.803110599517822
25100,6.015869617462158
25200,3.499026298522949
25300,5.729825210571289
25400,5.762948354085286
25500,4.819548606872559
25600,5.285694122314453
25700,4.876505279541016
25800,5.207216262817383
25900,5.581650204128689
26000,4.911979675292969
26100,4.111046155293782
26200,6.971920967102051
26300,4.108081817626953
26400,5.629495794122869
26500,3.978245326450893
26600,5.0696861267089846
26700,5.469075393676758
26800,4.9856767654418945
26900,4.209395885467529
27000,5.76751708984375
27100,3.8589880807059154
27200,6.243688583374023
27300,5.610443115234375
27400,5.78428239088792
27500,6.309589767456055
27600,4.9900665283203125
27700,5.56953950361772
27800,6.582686106363933
27900,3.8817977905273438
28000,5.926171779632568
28100,4.563703536987305
28200,3.7778854370117188
28300,3.2876388004847934
28400,6.45778611127068
28500,5.476477146148682
28600,5.5836537679036455
28700,2.528045654296875
28800,2.9918501377105713
28900,4.9649436257102275
29000,4.530101776123047
29100,5.395647915926847
29200,5.557979236949574
29300,4.464225006103516
29400,3.7133399418422153
29500,4.795683724539621
29600,3.7320823669433594
29700,4.841629505157471
29800,5.664381894198331
29900,5.35540536733774
30000,5.6076836585998535
30100,3.8957958221435547
30200,5.254850769042969
30300,5.6374631609235495
30400,2.7325077056884766
30500,4.365506066216363
30600,4.510443623860677
30700,3.2377543449401855
30800,4.730695088704427
30900,3.5615669886271157
31000,3.874800788031684
31100,4.496322154998779
31200,6.579988403320312
31300,5.137940406799316
31400,4.270942370096843
31500,5.008377552032471
31600,4.457071622212728
31700,5.093294779459636
31800,5.657977711070668
31900,5.597808456420898
32000,4.411520957946777
32100,4.672562599182129
32200,3.599032402038574
32300,3.272324425833566
32400,4.487022781372071
32500,3.343921661376953
32600,3.487466812133789
32700,5.6338254755193535
32800,4.759651184082031
32900,3.9204275948660716
33000,4.678219318389893
33100,5.624797821044922
33200,3.5285617283412387
33300,3.8778659275599887
33400,4.3306528727213545
33500,4.004183959960938
33600,6.0407663981119795
33700,4.2459899054633246
33800,5.252827326456706
33900,3.9693121228899275
34000,4.3086972917829245
34100,5.232877731323242
34200,3.587200164794922
34300,4.57269515991211
34400,3.5949478149414062
34500,5.179382801055908
34600,2.8565956115722657
34700,4.280306339263916
34800,5.799831390380859
34900,4.145538057599749
35000,4.075943470001221
35100,5.762796878814697
35200,3.32132887840271
35300,5.5710700988769535
35400,5.332542419433594
35500,4.90123176574707
35600,4.7973635991414385
35700,5.064908218383789
35800,4.900647735595703
35900,5.074094136555989
36000,4.588880750868055
36100,4.287424723307292
36200,6.569286823272705
36300,4.228670756022136
36400,5.422203063964844
36500,4.092482703072684
36600,5.013665390014649
36700,6.034930038452148
36800,5.026808102925618
36900,3.5700974464416504
37000,5.291284773084852
37100,3.7306150708879744
37200,5.816061655680339
37300,4.665016174316406
37400,5.679969787597656
37500,6.185433959960937
37600,4.9461509704589846
37700,5.641664331609553
37800,5.929525375366211
37900,3.2221336364746094
38000,5.316766738891602
38100,3.577972957066127
38200,3.485483169555664
38300,3.037938799176897
38400,6.5455492805032165
38500,5.147702693939209
38600,4.696661631266276
38700,2.1789655685424805
38800,2.648115396499634
38900,4.712758497758345
39000,4.6728862762451175
39100,5.098679976029829
39200,5.11328783902255
39300,4.697140121459961
39400,3.5100108555385043
39500,4.26548821585519
39600,3.1283047993977866
39700,4.299269199371338
39800,5.529756025834517
39900,5.251400874211238
40000,5.48646354675293
40100,3.4168888092041017
40200,4.613758087158203
40300,5.350773402622768
40400,2.802419344584147
40500,4.757553948296441
40600,4.097322845458985
40700,3.3916189670562744
40800,4.898618698120117
40900,3.0144119262695312
41000,3.1592415703667536
41100,4.5250349044799805
41200,6.859143676757813
41300,5.103748321533203
41400,3.4335149129231772
41500,4.96111536026001
41600,4.153809865315755
41700,5.122461636861165
41800,5.019188620827415
41900,5.453562545776367
42000,4.29686705271403
42100,4.2139363288879395
42200,3.5544326305389404
42300,2.869846888950893
42400,4.22386474609375
42500,3.217507171630859
42600,3.4449153900146485
42700,5.460524125532671
42800,5.070660781860352
42900,3.949582508632115
43000,4.540761947631836
43100,5.192468166351318
43200,3.3258598872593472
43300,2.913712910243443
43400,4.1879377365112305
43500,3.6971439361572265
43600,5.670853932698567
43700,4.089968363444011
43800,5.76460075378418
43900,3.271925789969308
44000,4.085102898733957
44100,5.363368225097656
44200,3.862504243850708
44300,4.917239761352539
44400,4.773486137390137
44500,4.848423957824707
44600,5.081967163085937
44700,4.278435707092285
44800,5.309422629220145
44900,4.544239861624582
45000,3.251021385192871
45100,5.573636054992676
45200,3.1480250358581543
45300,5.678926849365235
45400,5.285231272379558
45500,4.5538716316223145
45600,4.72476069132487
45700,4.628557586669922
45800,4.556861877441406
45900,4.55893071492513
46000,4.345533159044054
46100,3.795954386393229
46200,6.067246437072754
46300,4.386679331461589
46400,5.386213129216975
46500,3.761831828526088
46600,5.078611755371094
46700,5.359385299682617
46800,4.821939150492351
46900,4.257905960083008
47000,5.346316867404514
47100,3.0119688851492747
47200,5.583646138509114
47300,5.1001099480523004
47400,5.460583026592548
47500,6.007335662841797
47600,4.746068954467773
47700,5.116184581409801
47800,5.619265238444011
47900,3.1298495701381137
48000,4.621016502380371
48100,3.013057163783482
48200,2.819678715297154
48300,2.788576671055385
48400,6.528724670410156
48500,5.19349479675293
48600,5.868734995524089
48700,2.1972837448120117
48800,2.8356895446777344
48900,4.411645369096235
49000,4.0790260314941404
49100,5.124203075062145
49200,4.819859244606712
49300,3.8516311645507812
49400,3.9568328857421875
49500,4.095085416521345
49600,2.695860120985243
49700,4.661942958831787
49800,5.454947384920987
49900,4.787359090951773
50000,5.028940200805664
50100,2.8049528121948244
50200,3.984202194213867
50300,4.835502624511719
50400,2.3844709396362305
50500,4.018627590603298
50600,4.0384778340657554
50700,3.270667552947998
50800,3.982239087422689
50900,2.833248774210612
51000,3.001490275065104
51100,4.655284881591797
51200,6.667039184570313
51300,5.015406608581543
51400,3.163635571797689
51500,4.866273880004883
51600,3.567202885945638
51700,5.068187077840169
51800,4.901390075683594
51900,5.065080642700195
52000,4.36671765645345
52100,4.522397994995117
52200,3.7578043937683105
52300,2.2922278812953403
52400,4.082019424438476
52500,2.919777488708496
52600,3.2187294006347655
52700,5.334126212380149
52800,4.648873519897461
52900,3.384754180908203
53000,4.772400856018066
53100,4.871748447418213
53200,3.369108200073242
53300,3.0429589407784596
53400,4.179291725158691
53500,3.77418212890625
53600,5.639898512098524
53700,3.588834974500868
53800,5.048708597819011
53900,3.4347359793526784
54000,3.7259633200509206
54100,5.296120834350586
54200,3.131253719329834
54300,4.365517044067383
54400,2.681689739227295
54500,5.410796165466309
54600,2.2185527801513674
54700,3.799278736114502
54800,5.6527524675641745
54900,4.026654924665179
55000,2.459580421447754
55100,5.493136882781982
55200,2.8118627071380615
55300,5.3959907531738285
55400,5.165226830376519
55500,5.186244487762451
55600,4.581570943196614
55700,4.713649749755859
55800,4.2908203125
55900,4.59801525539822
56000,4.091862148708767
56100,4.800678571065267
56200,6.38461446762085
56300,3.938992394341363
56400,5.181379838423296
56500,3.370060239519392
56600,4.82213134765625
56700,4.9031730651855465
56800,4.999424934387207
56900,2.998089551925659
57000,5.561865488688151
57100,3.414710453578404
57200,5.291739781697591
57300,5.121745215521918
57400,5.373234088604267
57500,5.253677749633789
57600,4.807993698120117
57700,5.142190066250888
57800,5.762896219889323
57900,2.8538706643240794
58000,5.268484115600586
58100,2.9785120827811107
58200,2.8989546639578685
58300,2.2947229657854353
58400,5.7793121337890625
58500,5.027782917022705
58600,5.988664627075195
58700,1.8045172691345215
58800,1.8097083568572998
58900,4.225906025279652
59000,4.506515884399414
59100,4.9174066023393115
59200,4.376630956476385
59300,3.633464050292969
59400,4.13438470023019
59500,4.0795713152204245
59600,2.858067406548394
59700,4.251352310180664
59800,5.192849939519709
59900,4.917728130634014
60000,4.734739780426025
60100,2.2172210693359373
60200,3.9820213317871094
60300,4.894609723772321
60400,2.217960993448893
60500,4.424995846218533
60600,4.039996592203776
60700,2.9627084732055664
60800,4.598817825317383
60900,2.880984624226888
61000,2.3893152872721353
61100,4.330248832702637
61200,6.846918334960938
61300,4.958561420440674
61400,3.0301233927408853
61500,4.541953086853027
61600,3.70458189646403
61700,4.756227811177571
61800,4.781474720348012
61900,5.539849090576172
62000,3.9047228495279946
62100,4.182363033294678
62200,3.326753616333008
62300,2.3572799137660434
62400,3.7629249572753904
62500,4.099078369140625
62600,2.891769599914551
62700,5.358420978892934
62800,4.797301483154297
62900,3.6332454681396484
63000,4.429143905639648
63100,4.435087203979492
63200,2.8752989087785994
63300,2.4752208164760043
63400,3.7585891087849936
63500,3.4853187561035157
63600,5.029898749457465
63700,4.096494886610243
63800,5.290590604146321
63900,3.2819807870047435
64000,3.878961835588728
64100,4.643914413452149
64200,3.25577449798584
64300,4.044640731811524
64400,2.5261387825012207
64500,4.819304466247559
64600,2.4396133422851562
64700,3.3540964126586914
64800,5.707344055175781
64900,3.3781531197684154
65000,5.299944877624512
65100,5.4279890060424805
65200,3.0780510902404785
65300,4.538021087646484
65400,5.131524403889974
65500,4.160070419311523
65600,4.914078712463379
65700,4.8152008056640625
65800,4.241548919677735
65900,4.729323069254558
66000,4.288905249701606
66100,3.913949966430664
66200,5.048739910125732
66300,4.036779191758898
66400,4.966020410711115
66500,3.3393145969935825
66600,4.632539367675781
66700,5.274830627441406
66800,5.128111521402995
66900,2.9731369018554688
67000,5.611324310302734
67100,2.847875322614397
67200,5.142489115397136
67300,6.1002697414822045
67400,5.497458237868089
67500,5.485552215576172
67600,4.403375625610352
67700,5.463284925981001
67800,5.382440567016602
67900,1.9035470145089286
68000,4.977638244628906
68100,3.2055386134556363
68200,2.9274697984967912
68300,1.9058935982840401
68400,5.711728264303768
68500,4.617247104644775
68600,4.927641232808431
68700,1.564059893290202
68800,1.9332606792449951
68900,4.094895102761009
69000,4.338248062133789
69100,5.094180020419034
69200,4.407546650279652
69300,3.4379459381103517
69400,3.7817322867257253
69500,4.321419307163784
69600,2.983097924126519
69700,4.461872577667236
69800,4.929673281582919
69900,4.937066298264724
70000,4.293420314788818
70100,1.8239063262939452
70200,3.9204174041748048
70300,4.721790313720703
70400,2.166031996409098
70500,3.494944042629666
70600,3.722454833984375
70700,2.727769136428833
70800,4.928578694661458
70900,2.440460205078125
71000,2.2263094584147134
71100,4.295478820800781
71200,6.65189453125
71300,4.33200740814209
71400,3.029211680094401
71500,4.199818134307861
71600,3.45392640431722
71700,5.258566856384277
71800,4.787132263183594
71900,4.751556015014648
72000,5.312647819519043
72100,4.224313735961914
72200,3.6672496795654297
72300,2.4455040522984097
72400,3.6749114990234375
72500,4.1153114318847654
72600,3.3022129058837892
72700,5.59076551957564
72800,4.488232040405274
72900,3.6077989850725447
73000,2.87737774848938
73100,4.7437567710876465
73200,3.20772579738072
73300,2.2360574177333286
73400,3.408082962036133
73500,3.7535888671875
73600,5.244502597384983
73700,3.366613599989149
73800,5.133253733317058
73900,3.6143101283482144
74000,3.9801534925188338
74100,4.8380989074707035
74200,2.7484354972839355
74300,3.698538589477539
74400,1.7568820714950562
74500,4.224466323852539
74600,2.864724349975586
74700,3.6262874603271484
74800,5.724801744733538
74900,3.9853853498186385
75000,4.715335369110107
75100,4.9118828773498535
75200,2.8842756748199463
75300,4.994933319091797
75400,4.3829701741536455
75500,4.296213150024414
75600,4.563564618428548
75700,4.590521240234375
75800,4.960261535644531
75900,4.892703162299262
76000,4.712565528021918
76100,3.7618815104166665
76200,5.777255058288574
76300,5.780907101101345
76400,4.799978776411577
76500,2.847670418875558
76600,4.439927291870117
76700,4.327001953125
76800,4.762375513712565
76900,2.9669032096862793
77000,5.501516554090712
77100,2.718055180140904
77200,5.475779215494792
77300,5.993337843153212
77400,5.280246441180889
77500,6.376962280273437
77600,4.130112838745117
77700,5.247255498712713
77800,3.941915512084961
77900,2.2189739772251675
78000,4.769648551940918
78100,3.8072280883789062
78200,2.902897426060268
78300,2.0940420968191966
78400,5.791787540211397
78500,4.630019187927246
78600,5.154636383056641
78700,1.3000845909118652
78800,1.4897432327270508
78900,4.393235640092329
79000,4.456183242797851
79100,5.055728565562855
79200,3.7024608958851206
79300,3.265189361572266
79400,2.924290248325893
79500,3.4859346662248885
79600,2.467343224419488
79700,4.195244789123535
79800,5.431876095858487
79900,5.03663341815655
80000,4.783756732940674
80100,1.214439582824707
80200,3.735464859008789
80300,4.063966478620257
80400,1.6118157704671223
80500,3.4833827548556857
80600,4.095175425211589
80700,2.751370906829834
80800,3.934869130452474
80900,2.3086417516072593
81000,1.9107933044433594
81100,4.4618072509765625
81200,6.806055297851563
81300,4.1392927169799805
81400,3.077024777730306
81500,4.249475002288818
81600,2.7967920303344727
81700,4.6212717692057295
81800,4.647559772838246
81900,4.907552337646484
82000,4.407771746317546
82100,4.528101921081543
82200,3.4052114486694336
82300,1.9620064326695033
82400,3.869670867919922
82500,2.276540184020996
82600,3.3886295318603517
82700,5.373509146950462
82800,4.209469223022461
82900,3.1282800946916853
83000,2.229712963104248
83100,4.895148277282715
83200,3.2926812853131975
83300,2.227883611406599
83400,2.9869302113850913
83500,3.0665313720703127
83600,6.100792355007595
83700,3.5134781731499567
83800,6.204116185506185
83900,3.0476586478097096
84000,3.57366943359375
84100,4.495208358764648
84200,2.7703378200531006
84300,3.2690265655517576
84400,1.3644622564315796
84500,4.440825462341309
84600,1.666427230834961
84700,3.625554084777832
84800,5.73908942086356
84900,4.499203545706613
85000,3.2689270973205566
85100,5.491615295410156
85200,2.743957996368408
85300,4.993708801269531
85400,4.060188717312283
85500,3.833254098892212
85600,4.585601806640625
85700,4.860523986816406
85800,4.2995960235595705
85900,4.494813283284505
86000,4.445288764105903
86100,3.6805480321248374
86200,5.073750972747803
86300,4.342643313937717
86400,4.644325256347656
86500,3.2761388506208147
86600,4.678787612915039
86700,4.44194221496582
86800,4.970854123433431
86900,2.9087934494018555
87000,5.9295399983723955
87100,2.120543888636998
87200,4.64316972096761
87300,5.196907891167535
87400,5.790892967810998
87500,5.341206741333008
87600,4.11524543762207
87700,5.4326653914018115
87800,4.9051253000895185
87900,2.8455494471958707
88000,5.157748222351074
88100,2.656923566545759
88200,2.4735344478062222
88300,1.8781310490199499
88400,5.177422916187959
88500,4.134922981262207
88600,4.140394528706868
88700,1.8406240145365398
88800,2.02293062210083
88900,4.563516096635298
89000,4.319629287719726
89100,3.819279757412997
89200,3.548765009099787
89300,3.2417640686035156
89400,3.305189405168806
89500,3.1881381443568637
89600,2.073349846733941
89700,3.864229679107666
89800,4.283519744873047
89900,4.880840594951923
90000,4.990316390991211
90100,1.4566380500793457
90200,3.179033660888672
90300,4.131458554949079
90400,2.0978220303853354
90500,3.636641608344184
90600,4.5079833984375
90700,3.1092681884765625
90800,3.777846336364746
90900,2.184682528177897
91000,2.0293807983398438
91100,3.7961490154266357
91200,6.284027709960937
91300,6.326074123382568
91400,2.2818196614583335
91500,4.5569682121276855
91600,3.5173794428507485
91700,4.981773376464844
91800,4.507706035267223
91900,4.969295501708984
92000,3.6361328760782876
92100,3.990450620651245
92200,2.9953227043151855
92300,1.6122068677629744
92400,3.414570999145508
92500,2.172006607055664
92600,3.0666824340820313
92700,4.829737923362038
92800,4.513940811157227
92900,3.0453602927071706
93000,3.3499321937561035
93100,4.349987030029297
93200,2.8571973528180803
93300,2.1372154780796597
93400,3.661052385965983
93500,2.9460182189941406
93600,6.407452053493923
93700,4.914429134792751
93800,4.963698705037435
93900,2.740756171090262
94000,3.500354221888951
94100,4.416192245483399
94200,2.4548606872558594
94300,3.1616830825805664
94400,1.766981840133667
94500,4.2490763664245605
94600,1.5100882530212403
94700,3.140953302383423
94800,5.863462175641741
94900,2.707268851143973
95000,3.2723536491394043
95100,4.683061122894287
95200,2.7175962924957275
95300,4.509244918823242
95400,3.608716752794054
95500,4.1493072509765625
95600,3.912170728047689
95700,4.386707305908203
95800,4.0696266174316404
95900,4.306036631266276
96000,3.885730743408203
96100,3.3489535649617515
96200,6.8706560134887695
96300,4.151824103461371
96400,5.014050223610618
96500,2.509115764072963
96600,4.475238037109375
96700,4.412668228149414
96800,4.929669698079427
96900,3.1448752880096436
97000,5.0705312093098955
97100,2.7440463474818637
97200,5.354292551676433
97300,4.9083985222710504
97400,4.975857074444111
97500,4.576769256591797
97600,3.9235889434814455
97700,4.563614931973544
97800,7.119945526123047
97900,2.8015234810965404
98000,4.587245941162109
98100,2.283602442060198
98200,2.2911464146205356
98300,2.1471636635916576
98400,5.542607475729549
98500,4.421062469482422
98600,4.018594741821289
98700,1.8078529040018718
98800,1.5905431509017944
98900,4.310586062344638
99000,4.524051666259766
99100,4.618976939808238
99200,3.5755237232555044
99300,3.1856973648071287
99400,2.6142869676862444
99500,3.694611140659877
99600,2.062244839138455
99700,3.113999605178833
99800,5.045527024702593
99900,4.7358683072603664
100000,5.137364864349365
100,1.5143329620361328
200,3.870932769775391
300,3.263165065220424
400,2.099602699279785
500,3.828069898817274
600,4.4919891357421875
700,3.259145975112915
800,4.352235794067383
900,3.581023852030436
1000,2.354664272732205
1100,4.182822227478027
1200,6.841800537109375
1300,4.281774520874023
1400,2.8999760945638022
1500,5.078065872192383
1600,3.6222000122070312
1700,4.995249112447103
1800,4.529591647061435
1900,4.889157485961914
2000,4.801624298095703
2100,4.82236385345459
2200,3.2159645557403564
2300,2.467395509992327
2400,3.5750965118408202
2500,2.897490692138672
2600,3.699569320678711
2700,5.1080076044256035
2800,5.179608154296875
2900,2.8083784920828685
3000,3.591085195541382
3100,5.211231231689453
3200,3.0026776450020924
3300,2.777117592947824
3400,4.19304084777832
3500,3.6011146545410155
3600,5.032476637098524
3700,3.7066819932725696
3800,5.205317497253418
3900,3.108842304774693
4000,4.1961100442068915
4100,5.505296325683593
4200,3.5837934017181396
4300,3.643332672119141
4400,4.364618301391602
4500,5.292891502380371
4600,2.159206581115723
4700,3.903587579727173
4800,5.390488760811942
4900,3.992676326206752
5000,5.749316692352295
5100,5.222226619720459
5200,3.182255268096924
5300,5.448141860961914
5400,4.651129828559028
5500,3.8807716369628906
5600,4.935297966003418
5700,4.347444915771485
5800,4.6112018585205075
5900,4.7030487060546875
6000,4.8286560906304254
6100,4.188632329305013
6200,6.544117450714111
6300,3.8535135057237415
6400,5.792971177534624
6500,3.4384152548653737
6600,4.47442626953125
6700,4.166416168212891
6800,4.9934031168619795
6900,3.1891798973083496
7000,4.761830647786458
7100,2.9301163809640065
7200,6.506631851196289
7300,5.127658420138889
7400,4.917088728684646
7500,5.263808059692383
7600,4.463176345825195
7700,5.239941683682528
7800,6.338307698567708
7900,2.7845963069370816
8000,5.414103984832764
8100,4.379757472446987
8200,2.8660218375069753
8300,2.906909670148577
8400,6.525294135598576
8500,4.20581579208374
8600,5.997230529785156
8700,2.296973546346029
8800,1.9256558418273926
8900,4.7751333063299
9000,4.556006622314453
9100,5.546290657737038
9200,4.242648384787819
9300,3.988039016723633
9400,3.812441417149135
9500,4.307493482317243
9600,2.825044631958008
9700,3.6806540489196777
9800,4.7886286648837
9900,5.526168236365685
10000,6.689764022827148
10100,1.7706886291503907
10200,4.908231353759765
10300,3.899325507027762
10400,2.4931321144104004
10500,3.896023220486111
10600,4.43687744140625
10700,3.5275521278381348
10800,4.450979868570964
10900,2.288635571797689
11000,2.404505411783854
11100,3.831005573272705
11200,6.589548950195312
11300,4.485910415649414
11400,3.2513758341471353
11500,4.776061058044434
11600,2.9458274841308594
11700,4.908123016357422
11800,4.28388075395064
11900,5.200440216064453
12000,4.8242746988932295
12100,3.691688060760498
12200,3.301583766937256
12300,2.491504396711077
12400,3.335520553588867
12500,2.6922508239746095
12600,3.566769027709961
12700,5.001014709472656
12800,4.186870574951172
12900,3.684555871146066
13000,4.5953288078308105
13100,4.775444984436035
13200,3.299375534057617
13300,3.3608425685337613
13400,4.074450174967448
13500,3.515167999267578
13600,5.410475413004558
13700,2.6995550791422525
13800,5.684668858846028
13900,3.523315974644252
14000,3.7857017517089844
14100,4.628016662597656
14200,3.4753620624542236
14300,3.357041931152344
14400,2.550691604614258
14500,4.89784049987793
14600,2.420962905883789
14700,4.482361793518066
14800,5.6715529305594305
14900,3.141064780099051
15000,6.6294264793396
15100,5.426249980926514
15200,3.0688161849975586
15300,5.360406494140625
15400,5.03706529405382
15500,3.486478090286255
15600,4.129952430725098
15700,4.510277938842774
15800,4.559286880493164
15900,4.205348544650608
16000,5.14311048719618
16100,4.081211090087891
16200,6.165506839752197
16300,4.353031158447266
16400,5.895357305353338
16500,3.6461285182407925
16600,5.214865493774414
16700,4.3543037414550785
16800,4.60741392771403
16900,3.4711923599243164
17000,4.60744391547309
17100,2.698581968035017
17200,5.4884592692057295
17300,4.973269992404514
17400,5.575444148137019
17500,5.989271926879883
17600,4.763471221923828
17700,4.2710723876953125
17800,4.803850173950195
17900,3.4390528542654857
18000,5.007162094116211
18100,3.036546434674944
18200,2.4114058358328685
18300,2.3356001717703685
18400,5.4736426858341
18500,3.9260215759277344
18600,6.578830083211263
18700,1.927589734395345
18800,1.7618939876556396
18900,5.387265292080966
19000,4.4897216796875
19100,4.350716677579013
19200,4.557913346724077
19300,3.496926116943359
19400,4.017435073852539
19500,4.328187670026507
19600,2.957368638780382
19700,3.7302331924438477
19800,5.763289018110796
19900,4.852573981651893
20000,5.35381555557251
20100,3.945436477661133
20200,4.016919708251953
20300,4.6100937979561945
20400,2.1891005833943686
20500,3.38156975640191
20600,3.8227452596028644
20700,3.027325391769409
20800,5.47183100382487
20900,2.5053518613179526
21000,3.4352631039089627
21100,5.136738300323486
21200,6.775020141601562
21300,4.823821067810059
21400,2.764679272969564
21500,4.521049499511719
21600,5.188730557759603
21700,4.953736305236816
21800,5.063713420521129
21900,4.805116653442383
22000,4.974939028422038
22100,3.679563283920288
22200,3.182441473007202
22300,2.875643048967634
22400,3.503662872314453
22500,2.6033260345458986
22600,3.342669677734375
22700,5.1462461298162285
22800,4.87252197265625
22900,2.8766672951834544
23000,5.521014213562012
23100,6.820783615112305
23200,2.850958687918527
23300,2.567470005580357
23400,3.643010457356771
23500,3.2902816772460937
23600,5.81582768758138
23700,3.962399376763238
23800,5.146097183227539
23900,3.9256199428013394
24000,3.5445319584437778
24100,5.36668586730957
24200,2.855501890182495
24300,3.9735157012939455
24400,4.980010986328125
24500,5.0333638191223145
24600,2.406156539916992
24700,5.231602191925049
24800,6.0597991943359375
24900,3.576034273420061
25000,4.956477165222168
25100,5.391178607940674
25200,3.3411409854888916
25300,4.781404495239258
25400,4.631778293185764
25500,3.946596145629883
25600,3.5557403564453125
25700,5.268228149414062
25800,4.552540588378906
25900,5.427649603949653
26000,4.700991736518012
26100,3.4228719075520835
26200,6.443507194519043
26300,4.127008650037977
26400,5.67083116011186
26500,3.411614554268973
26600,4.676439666748047
26700,4.711127090454101
26800,4.967890739440918
26900,3.562062978744507
27000,5.3747740851508246
27100,2.7161429268973216
27200,5.467610677083333
27300,5.083179473876953
27400,5.165426987868089
27500,5.23983154296875
27600,3.728602981567383
27700,4.475060896439985
27800,8.101973215738932
27900,2.6673989977155412
28000,6.4163079261779785
28100,3.244598933628627
28200,2.4906041281563893
28300,1.931252888270787
28400,6.023108987247243
28500,3.926334857940674
28600,5.837068557739258
28700,1.8200174967447917
28800,2.069178342819214
28900,4.470692374489524
29000,4.712077331542969
29100,4.78320971402255
29200,3.6477529352361504
29300,3.8324325561523436
29400,2.9853311266217912
29500,4.277251924787249
29600,2.591809378729926
29700,4.22472620010376
29800,5.2328102805397725
29900,4.991247323843149
30000,5.298249244689941
30100,1.9304262161254884
30200,4.134514617919922
30300,4.3367767333984375
30400,1.6469205220540364
30500,3.626686520046658
30600,4.088759358723959
30700,3.064789295196533
30800,5.004353841145833
30900,2.6920814514160156
31000,3.595911661783854
31100,4.062906265258789
31200,6.8543634033203125
31300,5.4164814949035645
31400,2.8935813903808594
31500,4.567973613739014
31600,3.6725362141927085
31700,5.4900563557942705
31800,3.937756971879439
31900,4.687369537353516
32000,5.152167320251465
32100,4.234978199005127
32200,2.9578464031219482
32300,2.0885537011282787
32400,3.588350296020508
32500,2.8170475006103515
32600,3.641429138183594
32700,4.558896498246626
32800,4.058927917480469
32900,2.759707587105887
33000,4.311768531799316
33100,5.19566535949707
33200,3.6385252816336497
33300,3.1912389482770647
33400,4.3240814208984375
33500,3.3628395080566404
33600,5.984248691134983
33700,3.2152932484944663
33800,5.361869812011719
33900,3.0408011845179965
34000,3.7703026362827847
34100,5.10015754699707
34200,3.528881549835205
34300,4.54615364074707
34400,2.4078011512756348
34500,4.964906215667725
34600,2.0920528411865233
34700,3.5186710357666016
34800,5.605484553745815
34900,3.5576139177594865
35000,3.3624167442321777
35100,5.044882774353027
35200,2.7696285247802734
35300,4.714351654052734
35400,4.3109893798828125
35500,3.5772883892059326
35600,4.180922508239746
35700,4.270230102539062
35800,4.519174194335937
35900,5.069140116373698
36000,4.129784478081597
36100,3.48773193359375
36200,6.7449140548706055
36300,3.775093502468533
36400,4.918842315673828
36500,2.868527276175363
36600,4.793827819824219
36700,4.57007064819336
36800,4.948375701904297
36900,3.3796815872192383
37000,5.031442430284288
37100,2.6588072095598494
37200,6.1703745524088545
37300,5.784727308485243
37400,5.67195305457482
37500,5.014880752563476
37600,4.713450622558594
37700,5.26805981722745
37800,6.708099365234375
37900,3.362600871494838
38000,5.417661190032959
38100,3.2248167310442244
38200,3.309570857456752
38300,1.6930573327200753
38400,5.804366616641774
38500,4.32847785949707
38600,4.9379119873046875
38700,2.1926366488138833
38800,1.5762279033660889
38900,4.911341927268288
39000,4.9491222381591795
39100,4.426560488614169
39200,3.81290019642223
39300,3.282213592529297
39400,3.4641102382114957
39500,4.115495136805943
39600,3.2624789343939886
39700,3.0165064334869385
39800,5.448270277543501
39900,4.959115835336538
40000,4.8825602531433105
40100,4.577379608154297
40200,3.209516143798828
40300,3.4773033687046597
40400,2.4513562520345054
40500,4.470410664876302
40600,3.9644493103027343
40700,2.8856008052825928
40800,4.526736577351888
40900,2.063063144683838
41000,2.6535975138346353
41100,4.762229919433594
41200,6.455702514648437
41300,5.424990653991699
41400,2.5753437678019204
41500,4.719110488891602
41600,3.8546924591064453
41700,4.476959228515625
41800,4.428861444646662
41900,4.68983154296875
42000,3.9549427032470703
42100,3.7498960494995117
42200,2.910634756088257
42300,1.7681338446480888
42400,3.5030879974365234
42500,2.0725902557373046
42600,3.3678470611572267
42700,4.804100730202415
42800,4.129729461669922
42900,2.4747140066964284
43000,5.664877891540527
43100,4.930276393890381
43200,3.5235748291015625
43300,3.5915459224155972
43400,4.0637861887613935
43500,3.522898864746094
43600,5.815855238172743
43700,2.7933599683973522
43800,5.426560719807942
43900,2.3652850559779575
44000,3.388172149658203
44100,5.378689956665039
44200,3.3418960571289062
44300,3.6656402587890624
44400,2.3756353855133057
44500,4.689697742462158
44600,3.167806625366211
44700,3.859678268432617
44800,5.325039999825614
44900,3.3543848310198103
45000,4.325150966644287
45100,5.617928504943848
45200,3.027472972869873
45300,4.860445785522461
45400,4.626780615912543
45500,3.5071752071380615
45600,4.537374178568522
45700,4.534249877929687
45800,4.659444427490234
45900,4.559270646837023
46000,4.595516204833984
46100,3.4373435974121094
46200,6.242093563079834
46300,3.2717484368218317
46400,6.066240484064275
46500,3.0811168125697543
46600,4.426236724853515
46700,4.923074340820312
46800,4.962451616923015
46900,2.4549965858459473
47000,4.6196441650390625
47100,2.232091631208147
47200,5.312629063924153
47300,4.775866190592448
47400,5.11021012526292
47500,4.994729614257812
47600,4.359919738769531
47700,5.247478138316762
47800,3.9135780334472656
47900,3.6307095118931363
48000,4.958044052124023
48100,3.793521063668387
48200,2.7369918823242188
48300,2.1165033067975725
48400,5.802287831025965
48500,3.790289878845215
48600,4.235711097717285
48700,1.9277927080790203
48800,2.0575554370880127
48900,4.6506947604092685
49000,4.178368759155274
49100,4.780128132213246
49200,4.03370493108576
49300,3.398390197753906
49400,2.2929821014404297
49500,4.053826468331473
49600,2.550808588663737
49700,4.252435207366943
49800,5.10388842496005
49900,4.799741891714243
50000,4.076454162597656
50100,1.459799575805664
50200,3.7219444274902345
50300,4.179055895124163
50400,2.545177777608236
50500,3.0594217512342663
50600,3.953833516438802
50700,3.528007984161377
50800,4.7847544352213545
50900,1.8865977923075359
51000,2.121500439114041
51100,3.739241600036621
51200,6.567979125976563
51300,5.54426908493042
51400,3.6734882990519204
51500,5.385622978210449
51600,4.887280464172363
51700,4.851572672526042
51800,4.3766233270818535
51900,4.324882125854492
52000,3.8731276194254556
52100,4.4021406173706055
52200,3.409972906112671
52300,2.15468692779541
52400,3.270060348510742
52500,2.7484851837158204
52600,2.9350540161132814
52700,4.679318861527876
52800,4.0944061279296875
52900,2.8648368290492465
53000,3.9361753463745117
53100,4.786645412445068
53200,3.361039297921317
53300,3.9305801391601562
53400,3.5949630737304688
53500,3.303385925292969
53600,6.210357666015625
53700,3.3630076514350042
53800,5.794073104858398
53900,2.4967261723109653
54000,3.702564239501953
54100,4.794607162475586
54200,3.4580729007720947
54300,2.9877086639404298
54400,3.2797436714172363
54500,4.91475772857666
54600,1.993577766418457
54700,3.9157466888427734
54800,5.092224666050503
54900,3.5349399021693637
55000,2.9320688247680664
55100,5.155202865600586
55200,3.0575740337371826
55300,5.872768783569336
55400,4.979612986246745
55500,4.334595203399658
55600,3.7029288609822593
55700,4.345333480834961
55800,4.551958465576172
55900,4.863365173339844
56000,5.145198398166233
56100,2.2267915407816568
56200,6.725860595703125
56300,3.661962721082899
56400,5.956720525568182
56500,2.7891447884695872
56600,4.581756591796875
56700,4.1937614440917965
56800,5.108815511067708
56900,3.164592742919922
57000,5.285534328884548
57100,2.0005813326154436
57200,5.65231196085612
57300,4.03031751844618
57400,5.6924297626201925
57500,5.647136688232422
57600,5.284712600708008
57700,4.4492059187455615
57800,5.480995814005534
57900,2.520181655883789
58000,4.988455772399902
58100,2.692840031215123
58200,2.6541737147739957
58300,2.213897705078125
58400,5.965162838206572
58500,4.698060512542725
58600,6.313678741455078
58700,1.855589230855306
58800,2.3597819805145264
58900,5.103884263472124
59000,4.752156829833984
59100,4.610297809947621
59200,3.3727649341930044
59300,3.5962875366210936
59400,3.2833423614501953
59500,4.819088527134487
59600,2.139794031778971
59700,3.5249950885772705
59800,4.674711054021662
59900,4.675543271578276
60000,4.260650157928467
60100,1.6306745529174804
60200,4.669925689697266
60300,3.9616944449288503
60400,2.3081096013387046
60500,3.426820331149631
60600,4.89395497639974
60700,2.553236246109009
60800,4.833912531534831
60900,2.1874259312947593
61000,2.4546919928656683
61100,4.077291011810303
61200,7.012831420898437
61300,5.284351348876953
61400,2.5870564778645835
61500,5.027801513671875
61600,3.874720891316732
61700,4.99174690246582
61800,3.9527265375310723
61900,4.525673294067383
62000,4.644234975179036
62100,4.419219970703125
62200,2.929203987121582
62300,1.897845949445452
62400,3.8959426879882812
62500,2.7581771850585937
62600,2.90457706451416
62700,5.358351967551491
62800,7.0691673278808596
62900,2.8754724775041853
63000,3.423879623413086
63100,4.685672283172607
63200,3.1696014404296875
63300,3.460037503923689
63400,3.175925890604655
63500,3.057176208496094
63600,5.283629947238499
63700,4.443949805365668
63800,5.2978165944417315
63900,3.2125426701136996
64000,2.965456553867885
64100,4.587843322753907
64200,2.7010364532470703
64300,3.404924774169922
64400,3.2147178649902344
64500,4.915765285491943
64600,0.8326382637023926
64700,3.8597168922424316
64800,5.905567714146206
64900,3.422083718436105
65000,3.8345606327056885
65100,4.8027143478393555
65200,3.3159115314483643
65300,4.91826171875
65400,4.0298614501953125
65500,3.880939483642578
65600,4.081453959147136
65700,4.233440780639649
65800,4.956340789794922
65900,5.140786488850911
66000,4.419798956976996
66100,3.6591224670410156
66200,6.371435642242432
66300,3.3465427822536893
66400,5.1131768660111865
66500,3.6160812377929688
66600,4.640096282958984
66700,4.440224456787109
66800,4.735777219136556
66900,2.807588577270508
67000,5.051458146837023
67100,2.1966154915945872
67200,4.71066157023112
67300,4.517848968505859
67400,5.154854407677283
67500,5.453650665283203
67600,5.117928314208984
67700,4.52903920953924
67800,3.5797993342081704
67900,2.5270609174455916
68000,4.640674591064453
68100,3.0888609204973494
68200,3.0487763541085378
68300,2.0220530373709544
68400,5.0446615780101105
68500,5.217144012451172
68600,5.357807795206706
68700,1.6309401194254558
68800,1.380368709564209
68900,3.960714166814631
69000,5.3368267059326175
69100,4.877727855335582
69200,3.671213670210405
69300,3.2166576385498047
69400,2.665863037109375
69500,4.9900681631905695
69600,2.4729347229003906
69700,3.9775259494781494
69800,5.456510023637251
69900,5.459068885216346
70000,4.849172115325928
70100,3.5359153747558594
70200,3.897821807861328
70300,3.3721490587506975
70400,2.1309143702189126
70500,4.835443284776476
70600,3.700495402018229
70700,3.28354811668396
70800,4.467248916625977
70900,2.4343674977620444
71000,2.3519810570610895
71100,5.316766738891602
71200,6.1937548828125
71300,5.226420879364014
71400,2.7036654154459634
71500,4.5687432289123535
71600,4.252739270528157
71700,4.866299947102864
71800,4.00501147183505
71900,4.239685821533203
72000,4.011810938517253
72100,3.853429079055786
72200,3.256814479827881
72300,2.2046172278267995
72400,3.9721420288085936
72500,1.8203327178955078
72600,3.3934352874755858
72700,4.971482710404829
72800,4.487702941894531
72900,3.598839896065848
73000,4.0550360679626465
73100,5.3682732582092285
73200,3.017764227730887
73300,3.150092533656529
73400,3.763328234354655
73500,2.7640777587890626
73600,6.1626027425130205
73700,2.874126222398546
73800,5.680377960205078
73900,2.832928793770926
74000,3.518072945731027
74100,4.706768035888672
74200,2.5232691764831543
74300,3.488269805908203
74400,2.220973253250122
74500,5.661646366119385
74600,0.9317837715148926
74700,4.277956962585449
74800,5.571849822998047
74900,2.932916913713728
75000,4.095417022705078
75100,5.2031450271606445
75200,2.758424997329712
75300,4.546654510498047
75400,5.144601609971788
75500,3.8672094345092773
75600,4.168505032857259
75700,4.6339363098144535
75800,4.406746292114258
75900,4.157589382595486
76000,4.305810716417101
76100,3.9385623931884766
76200,6.748345851898193
76300,3.8320626152886286
76400,5.195130088112571
76500,3.174142837524414
76600,4.592440032958985
76700,4.656668472290039
76800,4.66754150390625
76900,3.772932529449463
77000,4.577159033881293
77100,2.885664531162807
77200,5.760683059692383
77300,4.102095709906684
77400,5.056632408728967
77500,5.7344482421875
77600,4.6807502746582035
77700,5.843060580166903
77800,5.603599548339844
77900,2.276439666748047
78000,6.037473678588867
78100,3.7448719569614957
78200,2.946429661342076
78300,3.09704099382673
78400,5.309027279124541
78500,4.093889236450195
78600,3.509636878967285
78700,1.7862612406412761
78800,1.5828003883361816
78900,4.802633805708452
79000,4.626116180419922
79100,4.8884409124201
79200,3.616074648770419
79300,3.1808956146240233
79400,2.3439554486955916
79500,3.6172052110944475
79600,2.6729452345106335
79700,3.724078893661499
79800,6.376808166503906
79900,4.8253907423753
80000,4.323992729187012
80100,3.6273406982421874
80200,4.684342956542968
80300,2.970809664045061
80400,1.8419098854064941
80500,4.623332977294922
80600,4.023115793863933
80700,3.231778144836426
80800,4.244616508483887
80900,2.69950008392334
81000,2.6404459211561413
81100,4.863396644592285
81200,6.248321533203125
81300,5.279120445251465
81400,2.0757500330607095
81500,4.605055332183838
81600,3.8159046173095703
81700,4.64568297068278
81800,4.245779557661577
81900,4.406334686279297
82000,4.02797794342041
82100,4.755577564239502
82200,2.8140249252319336
82300,1.8711411612374442
82400,3.5935905456542967
82500,1.8584903717041015
82600,3.8164016723632814
82700,5.329140056263316
82800,4.185289764404297
82900,2.3527518681117465
83000,3.8029580116271973
83100,4.3290696144104
83200,3.420107160295759
83300,2.657924107142857
83400,4.623181978861491
83500,2.420772933959961
83600,6.313794453938802
83700,4.901194254557292
83800,5.4584534962972
83900,2.9664238521030972
84000,3.143402644566127
84100,4.778131484985352
84200,3.3807790279388428
84300,3.327544403076172
84400,2.451763153076172
84500,4.877954006195068
84600,1.8179977416992188
84700,3.7684991359710693
84800,5.760763440813337
84900,3.2731696537562778
85000,3.467963695526123
85100,4.936906814575195
85200,2.665694236755371
85300,4.011242294311524
85400,4.993457370334202
85500,3.5959548950195312
85600,5.107302347819011
85700,4.8323974609375
85800,3.9181587219238283
85900,4.119713253445095
86000,5.639132181803386
86100,3.93731689453125
86200,5.496397495269775
86300,3.1911546919080944
86400,5.842362143776634
86500,3.1195297241210938
86600,5.12903938293457
86700,3.8136951446533205
86800,4.632282892862956
86900,2.6142306327819824
87000,5.694182925754124
87100,2.746668134416853
87200,5.5225372314453125
87300,4.061659071180555
87400,4.527233710655799
87500,5.249308395385742
87600,4.584910583496094
87700,5.044708945534446
87800,5.019110997517903
87900,2.4005088806152344
88000,5.581469535827637
88100,2.991644723074777
88200,2.3426595415387834
88300,2.392078127179827
88400,5.606084935805377
88500,4.340452194213867
88600,3.505955696105957
88700,1.8469181060791016
88800,2.0032315254211426
88900,4.649657509543679
89000,4.661507415771484
89100,4.628573677756569
89200,4.915005423805931
89300,3.10067138671875
89400,3.248237064906529
89500,4.842721666608538
89600,2.6825841267903647
89700,3.312871217727661
89800,5.252861022949219
89900,5.27885026198167
90000,4.470641136169434
90100,1.398853874206543
90200,3.7075069427490233
90300,4.819469451904297
90400,1.7189594904581706
90500,4.045333438449436
90600,4.202361297607422
90700,3.1333529949188232
90800,3.9944384892781577
90900,1.9498558044433594
91000,2.539671368069119
91100,3.5312740802764893
91200,6.089683837890625
91300,3.7804572582244873
91400,2.1494325002034507
91500,5.649477005004883
91600,3.775588353474935
91700,5.449177424112956
91800,3.7015363519841973
91900,4.576522445678711
92000,4.026673952738444
92100,4.875607013702393
92200,3.131535291671753
92300,2.076705660138811
92400,3.2870559692382812
92500,1.5870941162109375
92600,3.28243408203125
92700,4.796450181440874
92800,4.349520492553711
92900,2.881426674979074
93000,3.6584911346435547
93100,4.480259895324707
93200,2.790564400809152
93300,2.460972649710519
93400,4.229859670003255
93500,2.4833621978759766
93600,5.682670169406467
93700,3.7649222479926214
93800,5.164735158284505
93900,2.4470596313476562
94000,3.6411805834089006
94100,4.572562408447266
94200,3.065089225769043
94300,3.8205940246582033
94400,3.14849853515625
94500,5.234442710876465
94600,1.031467819213867
94700,4.220574378967285
94800,4.856761387416294
94900,3.1463353293282643
95000,2.9916749000549316
95100,4.939904689788818
95200,3.0113749504089355
95300,4.106133651733399
95400,3.919693840874566
95500,3.1364951133728027
95600,4.315554936726888
95700,4.483745574951172
95800,4.01075439453125
95900,3.817931705050998
96000,5.112022399902344
96100,3.8953119913736978
96200,5.999831199645996
96300,3.1893399556477866
96400,4.6557676141912285
96500,2.9117050170898438
96600,4.715364074707031
96700,3.9934436798095705
96800,4.258371035257976
96900,3.3442063331604004
97000,4.894123077392578
97100,2.3897814069475447
97200,5.349738438924153
97300,6.259383731418186
97400,4.734409038837139
97500,4.589046859741211
97600,5.389149475097656
97700,4.980017228560015
97800,6.299490610758464
97900,2.607173374720982
98000,5.908143997192383
98100,3.049739020211356
98200,2.5686890738351003
98300,2.3547534942626953
98400,5.7623277551987595
98500,3.4633584022521973
98600,4.448450088500977
98700,2.2242420514424643
98800,1.4047057628631592
98900,4.620606162331321
99000,4.954320907592773
99100,3.8737897005948154
99200,3.532010165127841
99300,3.4700157165527346
99400,3.0559092930385043
99500,3.290301731654576
99600,3.058092965020074
99700,4.060355186462402
99800,4.51510966907848
99900,4.513582082895132
100000,4.101032257080078
